<?xml version="1.0" encoding="UTF-8"?>
<!-- Generated by org.testng.reporters.JUnitReportReporter -->
<testsuite skipped="0" hostname="VAZNA04702" name="com.execution.test.TC01_CIAMReg" tests="2" failures="0" timestamp="17 May 2021 10:17:56 GMT" time="42.376" errors="0">
  <testcase name="Registration_Page" time="40.522" classname="com.execution.test.TC01_CIAMReg"/>
  <testcase name="close" time="1.854" classname="com.execution.test.TC01_CIAMReg"/>
</testsuite> <!-- com.execution.test.TC01_CIAMReg -->
